Host: n-62-18-9
Working directory: /zhome/e3/b/212140/git/pypyrus
Architecture:                            x86_64
CPU(s):                                  32
On-line CPU(s) list:                     0-31
Model name:                              Intel(R) Xeon(R) Gold 6326 CPU @ 2.90GHz
Thread(s) per core:                      1
Core(s) per socket:                      16
Socket(s):                               2
L1d cache:                               1.5 MiB (32 instances)
L1i cache:                               1 MiB (32 instances)
L2 cache:                                40 MiB (32 instances)
L3 cache:                                48 MiB (2 instances)
NUMA node(s):                            2
NUMA node0 CPU(s):                       0,2,4,6,8,10,12,14,16,18,20,22,24,26,28,30
NUMA node1 CPU(s):                       1,3,5,7,9,11,13,15,17,19,21,23,25,27,29,31
GPU Model(s):
NVIDIA A100 80GB PCIe
Memory:
               total        used        free      shared  buff/cache   available
Mem:           1.0Ti        14Gi       934Gi        93Mi        63Gi       992Gi
Swap:           35Gi          0B        35Gi
GPU summary:
NVIDIA A100 80GB PCIe, 81920 MiB, 595.71.05, Exclusive_Process
Python executable: /zhome/e3/b/212140/.conda/envs/pypyrus-v100/bin/python
sys.executable = /zhome/e3/b/212140/.conda/envs/pypyrus-v100/bin/python
torch.__version__ = 2.5.1+cu118
torch.version.cuda = 11.8
cuda.is_available = True
device_name = NVIDIA A100 80GB PCIe
device_cc   = (8, 0)
Obtaining file:///zhome/e3/b/212140/git/pypyrus
  Installing build dependencies: started
  Installing build dependencies: finished with status 'done'
  Checking if build backend supports build_editable: started
  Checking if build backend supports build_editable: finished with status 'done'
  Getting requirements to build editable: started
  Getting requirements to build editable: finished with status 'done'
  Preparing editable metadata (pyproject.toml): started
  Preparing editable metadata (pyproject.toml): finished with status 'done'
Building wheels for collected packages: pypyrus
  Building editable for pypyrus (pyproject.toml): started
  Building editable for pypyrus (pyproject.toml): finished with status 'done'
  Created wheel for pypyrus: filename=pypyrus-0.1.0-0.editable-py3-none-any.whl size=3049 sha256=ea2c5e02647574d5f45368176ed3d5f7176b87730d90edf1e782ece7f71da999
  Stored in directory: /tmp/pip-ephem-wheel-cache-h3gekq42/wheels/39/e3/38/36c97324553eb373193a81a0e3dc06c8a95b090c9404a78c8e
Successfully built pypyrus
Installing collected packages: pypyrus
  Attempting uninstall: pypyrus
    Found existing installation: pypyrus 0.1.0
    Uninstalling pypyrus-0.1.0:
      Successfully uninstalled pypyrus-0.1.0
Successfully installed pypyrus-0.1.0
Sweep configuration:
  DATA_PATH=experiments/forest_covertype/data/covtype_with_sample_id.csv
  BATCH_SIZES=1024
  EPOCHS=10
  NUM_WORKERS=2
  HIDDEN_DIM=128
  TEST_RATIO=0.2
  PAIRS=3
  WARMUP_PAIRS=1
  BASE_SEED=100
  OUTPUT_DIR=experiments/results/overhead/batchsize_sweep
  SUMMARY_TSV=experiments/results/overhead/batchsize_sweep/covtype_batchsize_sweep_summary.tsv

============================================================
Running covtype batch-size sweep for batch_size=1024
  timing_file=experiments/results/overhead/batchsize_sweep/covtype_bs1024_timings.txt
  summary_file=experiments/results/overhead/batchsize_sweep/covtype_bs1024_summary.txt
============================================================
Configuration:
  DATA_PATH=experiments/forest_covertype/data/covtype_with_sample_id.csv
  EPOCHS=10
  BATCH_SIZE=1024
  NUM_WORKERS=2
  HIDDEN_DIM=128
  TEST_RATIO=0.2
  PAIRS=3
  WARMUP_PAIRS=1
  BASE_SEED=100
  TIMING_FILE=experiments/results/overhead/batchsize_sweep/covtype_bs1024_timings.txt

Running 1 warm-up pair(s) (excluded from summary)...

Warm-up 1/1: WITH instrumentation (seed=100)
seed=100
source_csv=/zhome/e3/b/212140/git/pypyrus/experiments/forest_covertype/data/covtype_with_sample_id.csv
num_features=54
num_classes=7
train_rows=464810
test_rows=116202
epoch=1/10 train_loss=2.1839 test_loss=0.8964 test_acc=0.6578
epoch=2/10 train_loss=0.9275 test_loss=1.2904 test_acc=0.5481
epoch=3/10 train_loss=0.8051 test_loss=0.6844 test_acc=0.7111
epoch=4/10 train_loss=0.7404 test_loss=0.9047 test_acc=0.5999
epoch=5/10 train_loss=0.7006 test_loss=0.7425 test_acc=0.6801
epoch=6/10 train_loss=0.6795 test_loss=0.7283 test_acc=0.6865
epoch=7/10 train_loss=0.6547 test_loss=0.6006 test_acc=0.7454
epoch=8/10 train_loss=0.6551 test_loss=0.6628 test_acc=0.7033
epoch=9/10 train_loss=0.6163 test_loss=0.6055 test_acc=0.7305
epoch=10/10 train_loss=0.6051 test_loss=0.6255 test_acc=0.7301
timing: instrumentation=True epochs=10 batch_size=1024 num_workers=2 elapsed_seconds=104.756092
timing_written_to=/zhome/e3/b/212140/git/pypyrus/experiments/results/overhead/batchsize_sweep/covtype_bs1024_timings.txt.warmup.tmp
Warm-up 1/1: WITHOUT instrumentation (seed=100)
seed=100
source_csv=/zhome/e3/b/212140/git/pypyrus/experiments/forest_covertype/data/covtype_with_sample_id.csv
num_features=54
num_classes=7
train_rows=464810
test_rows=116202
epoch=1/10 train_loss=2.1839 test_loss=0.8964 test_acc=0.6578
epoch=2/10 train_loss=0.9275 test_loss=1.2904 test_acc=0.5481
epoch=3/10 train_loss=0.8051 test_loss=0.6844 test_acc=0.7111
epoch=4/10 train_loss=0.7404 test_loss=0.9047 test_acc=0.5999
epoch=5/10 train_loss=0.7006 test_loss=0.7425 test_acc=0.6801
epoch=6/10 train_loss=0.6795 test_loss=0.7283 test_acc=0.6865
epoch=7/10 train_loss=0.6547 test_loss=0.6006 test_acc=0.7454
epoch=8/10 train_loss=0.6551 test_loss=0.6628 test_acc=0.7033
epoch=9/10 train_loss=0.6163 test_loss=0.6055 test_acc=0.7305
epoch=10/10 train_loss=0.6051 test_loss=0.6255 test_acc=0.7301
timing: instrumentation=False epochs=10 batch_size=1024 num_workers=2 elapsed_seconds=64.183824
timing_written_to=/zhome/e3/b/212140/git/pypyrus/experiments/results/overhead/batchsize_sweep/covtype_bs1024_timings.txt.warmup.tmp

Running 3 measured pair(s)...

Pair 1/3: WITH instrumentation (seed=101)
seed=101
source_csv=/zhome/e3/b/212140/git/pypyrus/experiments/forest_covertype/data/covtype_with_sample_id.csv
num_features=54
num_classes=7
train_rows=464810
test_rows=116202
epoch=1/10 train_loss=1.9684 test_loss=0.8695 test_acc=0.6396
epoch=2/10 train_loss=0.9389 test_loss=0.8461 test_acc=0.6201
epoch=3/10 train_loss=0.7641 test_loss=1.0276 test_acc=0.5968
epoch=4/10 train_loss=0.7693 test_loss=0.7642 test_acc=0.6748
epoch=5/10 train_loss=0.7056 test_loss=0.6470 test_acc=0.7194
epoch=6/10 train_loss=0.7002 test_loss=0.6909 test_acc=0.7011
epoch=7/10 train_loss=0.6573 test_loss=0.6479 test_acc=0.7285
epoch=8/10 train_loss=0.6370 test_loss=0.6285 test_acc=0.7291
epoch=9/10 train_loss=0.6282 test_loss=0.6663 test_acc=0.7119
epoch=10/10 train_loss=0.6201 test_loss=0.5934 test_acc=0.7468
timing: instrumentation=True epochs=10 batch_size=1024 num_workers=2 elapsed_seconds=77.912765
timing_written_to=/zhome/e3/b/212140/git/pypyrus/experiments/results/overhead/batchsize_sweep/covtype_bs1024_timings.txt
Pair 1/3: WITHOUT instrumentation (seed=101)
seed=101
source_csv=/zhome/e3/b/212140/git/pypyrus/experiments/forest_covertype/data/covtype_with_sample_id.csv
num_features=54
num_classes=7
train_rows=464810
test_rows=116202
epoch=1/10 train_loss=1.9684 test_loss=0.8695 test_acc=0.6396
epoch=2/10 train_loss=0.9389 test_loss=0.8461 test_acc=0.6201
epoch=3/10 train_loss=0.7641 test_loss=1.0276 test_acc=0.5968
epoch=4/10 train_loss=0.7693 test_loss=0.7642 test_acc=0.6748
epoch=5/10 train_loss=0.7056 test_loss=0.6470 test_acc=0.7194
epoch=6/10 train_loss=0.7002 test_loss=0.6909 test_acc=0.7011
epoch=7/10 train_loss=0.6573 test_loss=0.6479 test_acc=0.7285
epoch=8/10 train_loss=0.6370 test_loss=0.6285 test_acc=0.7291
epoch=9/10 train_loss=0.6282 test_loss=0.6663 test_acc=0.7119
epoch=10/10 train_loss=0.6201 test_loss=0.5934 test_acc=0.7468
timing: instrumentation=False epochs=10 batch_size=1024 num_workers=2 elapsed_seconds=64.493718
timing_written_to=/zhome/e3/b/212140/git/pypyrus/experiments/results/overhead/batchsize_sweep/covtype_bs1024_timings.txt

Pair 2/3: WITH instrumentation (seed=102)
seed=102
source_csv=/zhome/e3/b/212140/git/pypyrus/experiments/forest_covertype/data/covtype_with_sample_id.csv
num_features=54
num_classes=7
train_rows=464810
test_rows=116202
epoch=1/10 train_loss=2.4002 test_loss=1.0494 test_acc=0.5771
epoch=2/10 train_loss=1.0388 test_loss=1.0130 test_acc=0.5820
epoch=3/10 train_loss=0.8324 test_loss=0.6771 test_acc=0.7152
epoch=4/10 train_loss=0.7601 test_loss=0.6286 test_acc=0.7375
epoch=5/10 train_loss=0.6892 test_loss=0.6804 test_acc=0.7222
epoch=6/10 train_loss=0.6680 test_loss=0.7045 test_acc=0.7057
epoch=7/10 train_loss=0.6484 test_loss=0.8076 test_acc=0.6458
epoch=8/10 train_loss=0.6267 test_loss=0.5705 test_acc=0.7601
epoch=9/10 train_loss=0.6308 test_loss=0.6554 test_acc=0.7282
epoch=10/10 train_loss=0.6023 test_loss=0.6406 test_acc=0.7244
timing: instrumentation=True epochs=10 batch_size=1024 num_workers=2 elapsed_seconds=80.291307
timing_written_to=/zhome/e3/b/212140/git/pypyrus/experiments/results/overhead/batchsize_sweep/covtype_bs1024_timings.txt
Pair 2/3: WITHOUT instrumentation (seed=102)
seed=102
source_csv=/zhome/e3/b/212140/git/pypyrus/experiments/forest_covertype/data/covtype_with_sample_id.csv
num_features=54
num_classes=7
train_rows=464810
test_rows=116202
epoch=1/10 train_loss=2.4002 test_loss=1.0494 test_acc=0.5771
epoch=2/10 train_loss=1.0388 test_loss=1.0130 test_acc=0.5820
epoch=3/10 train_loss=0.8324 test_loss=0.6771 test_acc=0.7152
epoch=4/10 train_loss=0.7601 test_loss=0.6286 test_acc=0.7375
epoch=5/10 train_loss=0.6892 test_loss=0.6804 test_acc=0.7222
epoch=6/10 train_loss=0.6680 test_loss=0.7045 test_acc=0.7057
epoch=7/10 train_loss=0.6484 test_loss=0.8076 test_acc=0.6458
epoch=8/10 train_loss=0.6267 test_loss=0.5705 test_acc=0.7601
epoch=9/10 train_loss=0.6308 test_loss=0.6554 test_acc=0.7282
epoch=10/10 train_loss=0.6023 test_loss=0.6406 test_acc=0.7244
timing: instrumentation=False epochs=10 batch_size=1024 num_workers=2 elapsed_seconds=66.241891
timing_written_to=/zhome/e3/b/212140/git/pypyrus/experiments/results/overhead/batchsize_sweep/covtype_bs1024_timings.txt

Pair 3/3: WITH instrumentation (seed=103)
seed=103
source_csv=/zhome/e3/b/212140/git/pypyrus/experiments/forest_covertype/data/covtype_with_sample_id.csv
num_features=54
num_classes=7
train_rows=464810
test_rows=116202
epoch=1/10 train_loss=1.8673 test_loss=0.8278 test_acc=0.6729
epoch=2/10 train_loss=0.9204 test_loss=1.6026 test_acc=0.5065
epoch=3/10 train_loss=0.7554 test_loss=0.6845 test_acc=0.7117
epoch=4/10 train_loss=0.7222 test_loss=0.6964 test_acc=0.7017
epoch=5/10 train_loss=0.6928 test_loss=0.6004 test_acc=0.7424
epoch=6/10 train_loss=0.6566 test_loss=0.7573 test_acc=0.6558
epoch=7/10 train_loss=0.6329 test_loss=0.5751 test_acc=0.7547
epoch=8/10 train_loss=0.6180 test_loss=0.5690 test_acc=0.7598
epoch=9/10 train_loss=0.6065 test_loss=0.5857 test_acc=0.7503
epoch=10/10 train_loss=0.5915 test_loss=0.5579 test_acc=0.7597
timing: instrumentation=True epochs=10 batch_size=1024 num_workers=2 elapsed_seconds=79.199156
timing_written_to=/zhome/e3/b/212140/git/pypyrus/experiments/results/overhead/batchsize_sweep/covtype_bs1024_timings.txt
Pair 3/3: WITHOUT instrumentation (seed=103)
seed=103
source_csv=/zhome/e3/b/212140/git/pypyrus/experiments/forest_covertype/data/covtype_with_sample_id.csv
num_features=54
num_classes=7
train_rows=464810
test_rows=116202
epoch=1/10 train_loss=1.8673 test_loss=0.8278 test_acc=0.6729
epoch=2/10 train_loss=0.9204 test_loss=1.6026 test_acc=0.5065
epoch=3/10 train_loss=0.7554 test_loss=0.6845 test_acc=0.7117
epoch=4/10 train_loss=0.7222 test_loss=0.6964 test_acc=0.7017
epoch=5/10 train_loss=0.6928 test_loss=0.6004 test_acc=0.7424
epoch=6/10 train_loss=0.6566 test_loss=0.7573 test_acc=0.6558
epoch=7/10 train_loss=0.6329 test_loss=0.5751 test_acc=0.7547
epoch=8/10 train_loss=0.6180 test_loss=0.5690 test_acc=0.7598
epoch=9/10 train_loss=0.6065 test_loss=0.5857 test_acc=0.7503
epoch=10/10 train_loss=0.5915 test_loss=0.5579 test_acc=0.7597
timing: instrumentation=False epochs=10 batch_size=1024 num_workers=2 elapsed_seconds=66.556172
timing_written_to=/zhome/e3/b/212140/git/pypyrus/experiments/results/overhead/batchsize_sweep/covtype_bs1024_timings.txt

Done. Timings:
instrumentation=True epochs=10 batch_size=1024 num_workers=2 elapsed_seconds=77.912765
instrumentation=False epochs=10 batch_size=1024 num_workers=2 elapsed_seconds=64.493718
instrumentation=True epochs=10 batch_size=1024 num_workers=2 elapsed_seconds=80.291307
instrumentation=False epochs=10 batch_size=1024 num_workers=2 elapsed_seconds=66.241891
instrumentation=True epochs=10 batch_size=1024 num_workers=2 elapsed_seconds=79.199156
instrumentation=False epochs=10 batch_size=1024 num_workers=2 elapsed_seconds=66.556172

Summary:
timing_file=/zhome/e3/b/212140/git/pypyrus/experiments/results/overhead/batchsize_sweep/covtype_bs1024_timings.txt
parsed_runs=6 skipped_lines=0

Instrumentation = True
  count  : 3
  min    : 77.912765s
  max    : 80.291307s
  mean   : 79.134409s
  median : 79.199156s
  stddev : 1.190592s

Instrumentation = False
  count  : 3
  min    : 64.493718s
  max    : 66.556172s
  mean   : 65.763927s
  median : 66.241891s
  stddev : 1.111200s

Comparison (mean)
  with - without : +13.370482s
  percent change : +20.33%

Paired Deltas (with_i - without_i)
  pairs  : 3
  mean   : 13.370482s
  median : 13.419047s
  stddev : 0.704473s
  min    : 12.642984s
  max    : 14.049416s
  mean % : +20.34%
  95% CI (mean delta): [12.642984s, 14.049416s]
  95% CI (mean %): [+19.00%, +21.21%]

Pair Details
  pair  1: with=77.912765s without=64.493718s delta=+13.419047s pct=+20.81%
  pair  2: with=80.291307s without=66.241891s delta=+14.049416s pct=+21.21%
  pair  3: with=79.199156s without=66.556172s delta=+12.642984s pct=+19.00%

Raw runs
  with    77.912765s
  without 64.493718s
  with    80.291307s
  without 66.241891s
  with    79.199156s
  without 66.556172s

Sweep complete.
Aggregate summary: experiments/results/overhead/batchsize_sweep/covtype_batchsize_sweep_summary.tsv
batch_size	pairs	warmup_pairs	epochs	num_workers	mean_with_seconds	mean_without_seconds	mean_delta_seconds	mean_percent
1024	3	1	10	2	79.134409	65.763927	13.370482	20.33
