Host: n-62-12-21
Working directory: /zhome/e3/b/212140/git/pypyrus
Model name:                              Intel(R) Xeon(R) Gold 6226R CPU @ 2.90GHz
GPU Model(s):
NVIDIA A100-PCIE-40GB
Python executable: /zhome/e3/b/212140/.conda/envs/pypyrus-v100/bin/python
sys.executable = /zhome/e3/b/212140/.conda/envs/pypyrus-v100/bin/python
torch.__version__ = 2.5.1+cu118
torch.version.cuda = 11.8
cuda.is_available = True
device_name = NVIDIA A100-PCIE-40GB
device_cc   = (8, 0)
Obtaining file:///zhome/e3/b/212140/git/pypyrus
  Installing build dependencies: started
  Installing build dependencies: finished with status 'done'
  Checking if build backend supports build_editable: started
  Checking if build backend supports build_editable: finished with status 'done'
  Getting requirements to build editable: started
  Getting requirements to build editable: finished with status 'done'
  Preparing editable metadata (pyproject.toml): started
  Preparing editable metadata (pyproject.toml): finished with status 'done'
Building wheels for collected packages: pypyrus
  Building editable for pypyrus (pyproject.toml): started
  Building editable for pypyrus (pyproject.toml): finished with status 'done'
  Created wheel for pypyrus: filename=pypyrus-0.1.0-0.editable-py3-none-any.whl size=3049 sha256=eb3fb5537e39ee5dbd0124ce3f09e3dee4fac6c1464491b55410bb86be36b248
  Stored in directory: /tmp/pip-ephem-wheel-cache-4pkjrw0_/wheels/39/e3/38/36c97324553eb373193a81a0e3dc06c8a95b090c9404a78c8e
Successfully built pypyrus
Installing collected packages: pypyrus
  Attempting uninstall: pypyrus
    Found existing installation: pypyrus 0.1.0
    Uninstalling pypyrus-0.1.0:
      Successfully uninstalled pypyrus-0.1.0
Successfully installed pypyrus-0.1.0
Configuration:
  DATA_ROOT=examples/plant_seedlings/data/split
  EPOCHS=3
  BATCH_SIZE=32
  NUM_WORKERS=2
  PAIRS=3
  WARMUP_PAIRS=1
  TIMING_FILE=examples/plant_seedlings/timings.txt

Running 1 warm-up pair(s) (excluded from summary)...

Warm-up 1/1: WITH instrumentation

------------------------------------------------------------
Sender: LSF System <lsfadmin@hpc.dtu.dk>
Subject: Job 28243285: <pypyrus_instr_compare> in cluster <dcc> Exited

Job <pypyrus_instr_compare> was submitted from host <hpclogin1> by user <s241645> in cluster <dcc> at Mon Apr 20 20:39:55 2026
Job was executed on host(s) <4*n-62-12-21>, in queue <gpua100>, as user <s241645> in cluster <dcc> at Mon Apr 20 20:56:24 2026
</zhome/e3/b/212140> was used as the home directory.
</zhome/e3/b/212140/git/pypyrus> was used as the working directory.
Started at Mon Apr 20 20:56:24 2026
Terminated at Mon Apr 20 20:57:22 2026
Results reported at Mon Apr 20 20:57:22 2026

Your job looked like:

------------------------------------------------------------
# LSBATCH: User input
#!/bin/bash
#BSUB -J pypyrus_instr_compare
#BSUB -q gpua100
#BSUB -n 4
#BSUB -R "span[hosts=1]"
#BSUB -R "rusage[mem=4GB]"
#BSUB -gpu "num=1:mode=exclusive_process"
#BSUB -W 02:00
#BSUB -o logs/pypyrus_instr_compare_%J.out
#BSUB -e logs/pypyrus_instr_compare_%J.err

set -euo pipefail

REPO_ROOT="${LSB_SUBCWD:-$PWD}"
cd "${REPO_ROOT}"

if [[ ! -f pyproject.toml ]]; then
  echo "ERROR: pyproject.toml not found in submit directory: ${REPO_ROOT}" >&2
  echo "Submit from repo root, e.g. cd ~/git/pypyrus" >&2
  exit 1
fi

mkdir -p logs

module unload nvhpc >/dev/null 2>&1 || true

source /dtu/projects/02613_2025/conda/conda_init.sh
conda activate pypyrus-v100

# Prevent accidental ~/.local package leakage into this run.
export PYTHONNOUSERSITE=1
unset PYTHONPATH

echo "Host: $(hostname)"
echo "Working directory: $PWD"
lscpu | grep "Model name" || true
echo "GPU Model(s):"
nvidia-smi --query-gpu=name --format=csv,noheader | sort | uniq

GPU_NAME="$(nvidia-smi --query-gpu=name --format=csv,noheader | head -n1)"
ALLOWED_GPU_REGEX="${ALLOWED_GPU_REGEX:-Tesla V100|A100|A40}"
if ! echo "${GPU_NAME}" | grep -Eiq "${ALLOWED_GPU_REGEX}"; then
  echo "ERROR: Unexpected GPU '${GPU_NAME}'. Allowed: ${ALLOWED_GPU_REGEX}" >&2
  exit 1
fi

echo "Python executable: $(which python)"
python -c "import sys; print('sys.executable =', sys.executable)"

# Sanity-check torch and CUDA before starting the long benchmark.

(... more ...)
------------------------------------------------------------

Exited with exit code 1.

Resource usage summary:

    CPU time :                                   8.00 sec.
    Max Memory :                                 185 MB
    Average Memory :                             168.33 MB
    Total Requested Memory :                     16384.00 MB
    Delta Memory :                               16199.00 MB
    Max Swap :                                   -
    Max Processes :                              4
    Max Threads :                                7
    Run time :                                   58 sec.
    Turnaround time :                            1047 sec.

The output (if any) is above this job summary.



PS:

Read file <logs/pypyrus_instr_compare_28243285.err> for stderr output of this job.

