Host: n-62-18-9
Working directory: /zhome/e3/b/212140/git/pypyrus
Architecture:                            x86_64
CPU(s):                                  32
On-line CPU(s) list:                     0-31
Model name:                              Intel(R) Xeon(R) Gold 6326 CPU @ 2.90GHz
Thread(s) per core:                      1
Core(s) per socket:                      16
Socket(s):                               2
L1d cache:                               1.5 MiB (32 instances)
L1i cache:                               1 MiB (32 instances)
L2 cache:                                40 MiB (32 instances)
L3 cache:                                48 MiB (2 instances)
NUMA node(s):                            2
NUMA node0 CPU(s):                       0,2,4,6,8,10,12,14,16,18,20,22,24,26,28,30
NUMA node1 CPU(s):                       1,3,5,7,9,11,13,15,17,19,21,23,25,27,29,31
GPU Model(s):
NVIDIA A100 80GB PCIe
Memory:
               total        used        free      shared  buff/cache   available
Mem:           1.0Ti       8.3Gi       974Gi        73Mi        28Gi       998Gi
Swap:           35Gi          0B        35Gi
GPU summary:
NVIDIA A100 80GB PCIe, 81920 MiB, 595.71.05, Exclusive_Process
Python executable: /zhome/e3/b/212140/.conda/envs/pypyrus-v100/bin/python
sys.executable = /zhome/e3/b/212140/.conda/envs/pypyrus-v100/bin/python
torch.__version__ = 2.5.1+cu118
torch.version.cuda = 11.8
cuda.is_available = True
device_name = NVIDIA A100 80GB PCIe
device_cc   = (8, 0)
Obtaining file:///zhome/e3/b/212140/git/pypyrus
  Installing build dependencies: started
  Installing build dependencies: finished with status 'done'
  Checking if build backend supports build_editable: started
  Checking if build backend supports build_editable: finished with status 'done'
  Getting requirements to build editable: started
  Getting requirements to build editable: finished with status 'done'
  Preparing editable metadata (pyproject.toml): started
  Preparing editable metadata (pyproject.toml): finished with status 'done'
Building wheels for collected packages: pypyrus
  Building editable for pypyrus (pyproject.toml): started
  Building editable for pypyrus (pyproject.toml): finished with status 'done'
  Created wheel for pypyrus: filename=pypyrus-0.1.0-0.editable-py3-none-any.whl size=3049 sha256=38d97ec9ed9612d3a8a8ec3053ba2fd19f4f07eddd151d3da686f84c0b6b767f
  Stored in directory: /tmp/pip-ephem-wheel-cache-_60jq4e2/wheels/39/e3/38/36c97324553eb373193a81a0e3dc06c8a95b090c9404a78c8e
Successfully built pypyrus
Installing collected packages: pypyrus
  Attempting uninstall: pypyrus
    Found existing installation: pypyrus 0.1.0
    Uninstalling pypyrus-0.1.0:
      Successfully uninstalled pypyrus-0.1.0
Successfully installed pypyrus-0.1.0
Sweep configuration:
  DATA_PATH=experiments/forest_covertype/data/covtype_with_sample_id.csv
  BATCH_SIZES=64 128 256 512 1024
  EPOCHS=5
  NUM_WORKERS=2
  HIDDEN_DIM=128
  TEST_RATIO=0.2
  PAIRS=5
  WARMUP_PAIRS=1
  BASE_SEED=100
  OUTPUT_DIR=experiments/results/overhead/batchsize_sweep
  SUMMARY_TSV=experiments/results/overhead/batchsize_sweep/covtype_batchsize_sweep_summary.tsv

============================================================
Running covtype batch-size sweep for batch_size=64
  timing_file=experiments/results/overhead/batchsize_sweep/covtype_bs64_timings.txt
  summary_file=experiments/results/overhead/batchsize_sweep/covtype_bs64_summary.txt
============================================================
Configuration:
  DATA_PATH=experiments/forest_covertype/data/covtype_with_sample_id.csv
  EPOCHS=5
  BATCH_SIZE=64
  NUM_WORKERS=2
  HIDDEN_DIM=128
  TEST_RATIO=0.2
  PAIRS=5
  WARMUP_PAIRS=1
  BASE_SEED=100
  TIMING_FILE=experiments/results/overhead/batchsize_sweep/covtype_bs64_timings.txt

Running 1 warm-up pair(s) (excluded from summary)...

Warm-up 1/1: WITH instrumentation (seed=100)
seed=100
source_csv=/zhome/e3/b/212140/git/pypyrus/experiments/forest_covertype/data/covtype_with_sample_id.csv
num_features=54
num_classes=7
train_rows=464810
test_rows=116202
epoch=1/5 train_loss=0.9552 test_loss=0.6578 test_acc=0.7176
epoch=2/5 train_loss=0.6508 test_loss=0.6032 test_acc=0.7402
epoch=3/5 train_loss=0.5956 test_loss=0.5734 test_acc=0.7556
epoch=4/5 train_loss=0.5643 test_loss=0.5716 test_acc=0.7496
epoch=5/5 train_loss=0.5446 test_loss=0.5240 test_acc=0.7749
timing: instrumentation=True epochs=5 batch_size=64 num_workers=2 elapsed_seconds=861.065416
timing_written_to=/zhome/e3/b/212140/git/pypyrus/experiments/results/overhead/batchsize_sweep/covtype_bs64_timings.txt.warmup.tmp
Warm-up 1/1: WITHOUT instrumentation (seed=100)
seed=100
source_csv=/zhome/e3/b/212140/git/pypyrus/experiments/forest_covertype/data/covtype_with_sample_id.csv
num_features=54
num_classes=7
train_rows=464810
test_rows=116202
epoch=1/5 train_loss=0.9552 test_loss=0.6578 test_acc=0.7176
epoch=2/5 train_loss=0.6508 test_loss=0.6032 test_acc=0.7402
epoch=3/5 train_loss=0.5956 test_loss=0.5734 test_acc=0.7556
epoch=4/5 train_loss=0.5643 test_loss=0.5716 test_acc=0.7496
epoch=5/5 train_loss=0.5446 test_loss=0.5240 test_acc=0.7749
timing: instrumentation=False epochs=5 batch_size=64 num_workers=2 elapsed_seconds=73.986394
timing_written_to=/zhome/e3/b/212140/git/pypyrus/experiments/results/overhead/batchsize_sweep/covtype_bs64_timings.txt.warmup.tmp

Running 5 measured pair(s)...

Pair 1/5: WITH instrumentation (seed=101)
seed=101
source_csv=/zhome/e3/b/212140/git/pypyrus/experiments/forest_covertype/data/covtype_with_sample_id.csv
num_features=54
num_classes=7
train_rows=464810
test_rows=116202
epoch=1/5 train_loss=0.9414 test_loss=0.7407 test_acc=0.6430
epoch=2/5 train_loss=0.6474 test_loss=0.5971 test_acc=0.7362
epoch=3/5 train_loss=0.5866 test_loss=0.5551 test_acc=0.7639
epoch=4/5 train_loss=0.5566 test_loss=0.5352 test_acc=0.7738
epoch=5/5 train_loss=0.5356 test_loss=0.5449 test_acc=0.7634
timing: instrumentation=True epochs=5 batch_size=64 num_workers=2 elapsed_seconds=159.885944
timing_written_to=/zhome/e3/b/212140/git/pypyrus/experiments/results/overhead/batchsize_sweep/covtype_bs64_timings.txt
Pair 1/5: WITHOUT instrumentation (seed=101)
seed=101
source_csv=/zhome/e3/b/212140/git/pypyrus/experiments/forest_covertype/data/covtype_with_sample_id.csv
num_features=54
num_classes=7
train_rows=464810
test_rows=116202
epoch=1/5 train_loss=0.9414 test_loss=0.7407 test_acc=0.6430
epoch=2/5 train_loss=0.6474 test_loss=0.5971 test_acc=0.7362
epoch=3/5 train_loss=0.5866 test_loss=0.5551 test_acc=0.7639
epoch=4/5 train_loss=0.5566 test_loss=0.5352 test_acc=0.7738
epoch=5/5 train_loss=0.5356 test_loss=0.5449 test_acc=0.7634
timing: instrumentation=False epochs=5 batch_size=64 num_workers=2 elapsed_seconds=75.398659
timing_written_to=/zhome/e3/b/212140/git/pypyrus/experiments/results/overhead/batchsize_sweep/covtype_bs64_timings.txt

Pair 2/5: WITH instrumentation (seed=102)
seed=102
source_csv=/zhome/e3/b/212140/git/pypyrus/experiments/forest_covertype/data/covtype_with_sample_id.csv
num_features=54
num_classes=7
train_rows=464810
test_rows=116202
epoch=1/5 train_loss=0.9930 test_loss=0.7237 test_acc=0.6819
epoch=2/5 train_loss=0.6541 test_loss=0.6053 test_acc=0.7406
epoch=3/5 train_loss=0.6023 test_loss=0.6282 test_acc=0.7227
epoch=4/5 train_loss=0.5728 test_loss=0.5741 test_acc=0.7520
epoch=5/5 train_loss=0.5572 test_loss=0.5409 test_acc=0.7669
timing: instrumentation=True epochs=5 batch_size=64 num_workers=2 elapsed_seconds=148.585447
timing_written_to=/zhome/e3/b/212140/git/pypyrus/experiments/results/overhead/batchsize_sweep/covtype_bs64_timings.txt
Pair 2/5: WITHOUT instrumentation (seed=102)
seed=102
source_csv=/zhome/e3/b/212140/git/pypyrus/experiments/forest_covertype/data/covtype_with_sample_id.csv
num_features=54
num_classes=7
train_rows=464810
test_rows=116202
epoch=1/5 train_loss=0.9930 test_loss=0.7237 test_acc=0.6819
epoch=2/5 train_loss=0.6541 test_loss=0.6053 test_acc=0.7406
epoch=3/5 train_loss=0.6023 test_loss=0.6282 test_acc=0.7227
epoch=4/5 train_loss=0.5728 test_loss=0.5741 test_acc=0.7520
epoch=5/5 train_loss=0.5572 test_loss=0.5409 test_acc=0.7669
timing: instrumentation=False epochs=5 batch_size=64 num_workers=2 elapsed_seconds=74.194578
timing_written_to=/zhome/e3/b/212140/git/pypyrus/experiments/results/overhead/batchsize_sweep/covtype_bs64_timings.txt

Pair 3/5: WITH instrumentation (seed=103)
seed=103
source_csv=/zhome/e3/b/212140/git/pypyrus/experiments/forest_covertype/data/covtype_with_sample_id.csv
num_features=54
num_classes=7
train_rows=464810
test_rows=116202
epoch=1/5 train_loss=0.9167 test_loss=0.6529 test_acc=0.7103
epoch=2/5 train_loss=0.6402 test_loss=0.6006 test_acc=0.7463
epoch=3/5 train_loss=0.5908 test_loss=0.5580 test_acc=0.7579
epoch=4/5 train_loss=0.5612 test_loss=0.5260 test_acc=0.7736
epoch=5/5 train_loss=0.5431 test_loss=0.5776 test_acc=0.7490
timing: instrumentation=True epochs=5 batch_size=64 num_workers=2 elapsed_seconds=149.541044
timing_written_to=/zhome/e3/b/212140/git/pypyrus/experiments/results/overhead/batchsize_sweep/covtype_bs64_timings.txt
Pair 3/5: WITHOUT instrumentation (seed=103)
seed=103
source_csv=/zhome/e3/b/212140/git/pypyrus/experiments/forest_covertype/data/covtype_with_sample_id.csv
num_features=54
num_classes=7
train_rows=464810
test_rows=116202
epoch=1/5 train_loss=0.9167 test_loss=0.6529 test_acc=0.7103
epoch=2/5 train_loss=0.6402 test_loss=0.6006 test_acc=0.7463
epoch=3/5 train_loss=0.5908 test_loss=0.5580 test_acc=0.7579
epoch=4/5 train_loss=0.5612 test_loss=0.5260 test_acc=0.7736
epoch=5/5 train_loss=0.5431 test_loss=0.5776 test_acc=0.7490
timing: instrumentation=False epochs=5 batch_size=64 num_workers=2 elapsed_seconds=75.186607
timing_written_to=/zhome/e3/b/212140/git/pypyrus/experiments/results/overhead/batchsize_sweep/covtype_bs64_timings.txt

Pair 4/5: WITH instrumentation (seed=104)
seed=104
source_csv=/zhome/e3/b/212140/git/pypyrus/experiments/forest_covertype/data/covtype_with_sample_id.csv
num_features=54
num_classes=7
train_rows=464810
test_rows=116202
epoch=1/5 train_loss=0.9511 test_loss=0.6459 test_acc=0.7244
epoch=2/5 train_loss=0.6438 test_loss=0.6865 test_acc=0.6920
epoch=3/5 train_loss=0.5983 test_loss=0.5539 test_acc=0.7644
epoch=4/5 train_loss=0.5694 test_loss=0.5574 test_acc=0.7592
epoch=5/5 train_loss=0.5493 test_loss=0.5259 test_acc=0.7736
timing: instrumentation=True epochs=5 batch_size=64 num_workers=2 elapsed_seconds=143.073155
timing_written_to=/zhome/e3/b/212140/git/pypyrus/experiments/results/overhead/batchsize_sweep/covtype_bs64_timings.txt
Pair 4/5: WITHOUT instrumentation (seed=104)
seed=104
source_csv=/zhome/e3/b/212140/git/pypyrus/experiments/forest_covertype/data/covtype_with_sample_id.csv
num_features=54
num_classes=7
train_rows=464810
test_rows=116202
epoch=1/5 train_loss=0.9511 test_loss=0.6459 test_acc=0.7244
epoch=2/5 train_loss=0.6438 test_loss=0.6865 test_acc=0.6920
epoch=3/5 train_loss=0.5983 test_loss=0.5539 test_acc=0.7644
epoch=4/5 train_loss=0.5694 test_loss=0.5574 test_acc=0.7592
epoch=5/5 train_loss=0.5493 test_loss=0.5259 test_acc=0.7736
timing: instrumentation=False epochs=5 batch_size=64 num_workers=2 elapsed_seconds=74.874590
timing_written_to=/zhome/e3/b/212140/git/pypyrus/experiments/results/overhead/batchsize_sweep/covtype_bs64_timings.txt

Pair 5/5: WITH instrumentation (seed=105)
seed=105
source_csv=/zhome/e3/b/212140/git/pypyrus/experiments/forest_covertype/data/covtype_with_sample_id.csv
num_features=54
num_classes=7
train_rows=464810
test_rows=116202
epoch=1/5 train_loss=0.9361 test_loss=0.6245 test_acc=0.7358
epoch=2/5 train_loss=0.6395 test_loss=0.6092 test_acc=0.7306
epoch=3/5 train_loss=0.5888 test_loss=0.5710 test_acc=0.7500
epoch=4/5 train_loss=0.5595 test_loss=0.5468 test_acc=0.7621
epoch=5/5 train_loss=0.5418 test_loss=0.5417 test_acc=0.7640
timing: instrumentation=True epochs=5 batch_size=64 num_workers=2 elapsed_seconds=143.046497
timing_written_to=/zhome/e3/b/212140/git/pypyrus/experiments/results/overhead/batchsize_sweep/covtype_bs64_timings.txt
Pair 5/5: WITHOUT instrumentation (seed=105)
seed=105
source_csv=/zhome/e3/b/212140/git/pypyrus/experiments/forest_covertype/data/covtype_with_sample_id.csv
num_features=54
num_classes=7
train_rows=464810
test_rows=116202
epoch=1/5 train_loss=0.9361 test_loss=0.6245 test_acc=0.7358
epoch=2/5 train_loss=0.6395 test_loss=0.6092 test_acc=0.7306
epoch=3/5 train_loss=0.5888 test_loss=0.5710 test_acc=0.7500
epoch=4/5 train_loss=0.5595 test_loss=0.5468 test_acc=0.7621
epoch=5/5 train_loss=0.5418 test_loss=0.5417 test_acc=0.7640
timing: instrumentation=False epochs=5 batch_size=64 num_workers=2 elapsed_seconds=74.213825
timing_written_to=/zhome/e3/b/212140/git/pypyrus/experiments/results/overhead/batchsize_sweep/covtype_bs64_timings.txt

Done. Timings:
instrumentation=True epochs=5 batch_size=64 num_workers=2 elapsed_seconds=159.885944
instrumentation=False epochs=5 batch_size=64 num_workers=2 elapsed_seconds=75.398659
instrumentation=True epochs=5 batch_size=64 num_workers=2 elapsed_seconds=148.585447
instrumentation=False epochs=5 batch_size=64 num_workers=2 elapsed_seconds=74.194578
instrumentation=True epochs=5 batch_size=64 num_workers=2 elapsed_seconds=149.541044
instrumentation=False epochs=5 batch_size=64 num_workers=2 elapsed_seconds=75.186607
instrumentation=True epochs=5 batch_size=64 num_workers=2 elapsed_seconds=143.073155
instrumentation=False epochs=5 batch_size=64 num_workers=2 elapsed_seconds=74.874590
instrumentation=True epochs=5 batch_size=64 num_workers=2 elapsed_seconds=143.046497
instrumentation=False epochs=5 batch_size=64 num_workers=2 elapsed_seconds=74.213825

Summary:
timing_file=/zhome/e3/b/212140/git/pypyrus/experiments/results/overhead/batchsize_sweep/covtype_bs64_timings.txt
parsed_runs=10 skipped_lines=0

Instrumentation = True
  count  : 5
  min    : 143.046497s
  max    : 159.885944s
  mean   : 148.826417s
  median : 148.585447s
  stddev : 6.880941s

Instrumentation = False
  count  : 5
  min    : 74.194578s
  max    : 75.398659s
  mean   : 74.773652s
  median : 74.874590s
  stddev : 0.552288s

Comparison (mean)
  with - without : +74.052766s
  percent change : +99.04%

Paired Deltas (with_i - without_i)
  pairs  : 5
  mean   : 74.052766s
  median : 74.354437s
  stddev : 6.530803s
  min    : 68.198565s
  max    : 84.487285s
  mean % : +99.01%
  95% CI (mean delta): [69.563847s, 79.329975s]
  95% CI (mean %): [+93.25%, +105.57%]

Pair Details
  pair  1: with=159.885944s without=75.398659s delta=+84.487285s pct=+112.05%
  pair  2: with=148.585447s without=74.194578s delta=+74.390869s pct=+100.26%
  pair  3: with=149.541044s without=75.186607s delta=+74.354437s pct=+98.89%
  pair  4: with=143.073155s without=74.874590s delta=+68.198565s pct=+91.08%
  pair  5: with=143.046497s without=74.213825s delta=+68.832672s pct=+92.75%

Raw runs
  with    159.885944s
  without 75.398659s
  with    148.585447s
  without 74.194578s
  with    149.541044s
  without 75.186607s
  with    143.073155s
  without 74.874590s
  with    143.046497s
  without 74.213825s

============================================================
Running covtype batch-size sweep for batch_size=128
  timing_file=experiments/results/overhead/batchsize_sweep/covtype_bs128_timings.txt
  summary_file=experiments/results/overhead/batchsize_sweep/covtype_bs128_summary.txt
============================================================
Configuration:
  DATA_PATH=experiments/forest_covertype/data/covtype_with_sample_id.csv
  EPOCHS=5
  BATCH_SIZE=128
  NUM_WORKERS=2
  HIDDEN_DIM=128
  TEST_RATIO=0.2
  PAIRS=5
  WARMUP_PAIRS=1
  BASE_SEED=100
  TIMING_FILE=experiments/results/overhead/batchsize_sweep/covtype_bs128_timings.txt

Running 1 warm-up pair(s) (excluded from summary)...

Warm-up 1/1: WITH instrumentation (seed=100)
seed=100
source_csv=/zhome/e3/b/212140/git/pypyrus/experiments/forest_covertype/data/covtype_with_sample_id.csv
num_features=54
num_classes=7
train_rows=464810
test_rows=116202
epoch=1/5 train_loss=1.0934 test_loss=0.8754 test_acc=0.6523
epoch=2/5 train_loss=0.6828 test_loss=0.6304 test_acc=0.7294
epoch=3/5 train_loss=0.6180 test_loss=0.5949 test_acc=0.7398
epoch=4/5 train_loss=0.5774 test_loss=0.5604 test_acc=0.7588
epoch=5/5 train_loss=0.5490 test_loss=0.5242 test_acc=0.7774
timing: instrumentation=True epochs=5 batch_size=128 num_workers=2 elapsed_seconds=94.958060
timing_written_to=/zhome/e3/b/212140/git/pypyrus/experiments/results/overhead/batchsize_sweep/covtype_bs128_timings.txt.warmup.tmp
Warm-up 1/1: WITHOUT instrumentation (seed=100)
seed=100
source_csv=/zhome/e3/b/212140/git/pypyrus/experiments/forest_covertype/data/covtype_with_sample_id.csv
num_features=54
num_classes=7
train_rows=464810
test_rows=116202
epoch=1/5 train_loss=1.0934 test_loss=0.8754 test_acc=0.6523
epoch=2/5 train_loss=0.6828 test_loss=0.6304 test_acc=0.7294
epoch=3/5 train_loss=0.6180 test_loss=0.5949 test_acc=0.7398
epoch=4/5 train_loss=0.5774 test_loss=0.5604 test_acc=0.7588
epoch=5/5 train_loss=0.5490 test_loss=0.5242 test_acc=0.7774
timing: instrumentation=False epochs=5 batch_size=128 num_workers=2 elapsed_seconds=48.564101
timing_written_to=/zhome/e3/b/212140/git/pypyrus/experiments/results/overhead/batchsize_sweep/covtype_bs128_timings.txt.warmup.tmp

Running 5 measured pair(s)...

Pair 1/5: WITH instrumentation (seed=101)
seed=101
source_csv=/zhome/e3/b/212140/git/pypyrus/experiments/forest_covertype/data/covtype_with_sample_id.csv
num_features=54
num_classes=7
train_rows=464810
test_rows=116202
epoch=1/5 train_loss=1.0789 test_loss=0.7161 test_acc=0.6815
epoch=2/5 train_loss=0.6768 test_loss=0.6525 test_acc=0.7229
epoch=3/5 train_loss=0.6202 test_loss=0.5855 test_acc=0.7487
epoch=4/5 train_loss=0.5846 test_loss=0.6046 test_acc=0.7383
epoch=5/5 train_loss=0.5529 test_loss=0.5347 test_acc=0.7696
timing: instrumentation=True epochs=5 batch_size=128 num_workers=2 elapsed_seconds=95.022459
timing_written_to=/zhome/e3/b/212140/git/pypyrus/experiments/results/overhead/batchsize_sweep/covtype_bs128_timings.txt
Pair 1/5: WITHOUT instrumentation (seed=101)
seed=101
source_csv=/zhome/e3/b/212140/git/pypyrus/experiments/forest_covertype/data/covtype_with_sample_id.csv
num_features=54
num_classes=7
train_rows=464810
test_rows=116202
epoch=1/5 train_loss=1.0789 test_loss=0.7161 test_acc=0.6815
epoch=2/5 train_loss=0.6768 test_loss=0.6525 test_acc=0.7229
epoch=3/5 train_loss=0.6202 test_loss=0.5855 test_acc=0.7487
epoch=4/5 train_loss=0.5846 test_loss=0.6046 test_acc=0.7383
epoch=5/5 train_loss=0.5529 test_loss=0.5347 test_acc=0.7696
timing: instrumentation=False epochs=5 batch_size=128 num_workers=2 elapsed_seconds=48.054935
timing_written_to=/zhome/e3/b/212140/git/pypyrus/experiments/results/overhead/batchsize_sweep/covtype_bs128_timings.txt

Pair 2/5: WITH instrumentation (seed=102)
seed=102
source_csv=/zhome/e3/b/212140/git/pypyrus/experiments/forest_covertype/data/covtype_with_sample_id.csv
num_features=54
num_classes=7
train_rows=464810
test_rows=116202
epoch=1/5 train_loss=1.1500 test_loss=0.7573 test_acc=0.6728
epoch=2/5 train_loss=0.6851 test_loss=0.6369 test_acc=0.7241
epoch=3/5 train_loss=0.6290 test_loss=0.6603 test_acc=0.7018
epoch=4/5 train_loss=0.5948 test_loss=0.5502 test_acc=0.7624
epoch=5/5 train_loss=0.5600 test_loss=0.5532 test_acc=0.7644
timing: instrumentation=True epochs=5 batch_size=128 num_workers=2 elapsed_seconds=98.635602
timing_written_to=/zhome/e3/b/212140/git/pypyrus/experiments/results/overhead/batchsize_sweep/covtype_bs128_timings.txt
Pair 2/5: WITHOUT instrumentation (seed=102)
seed=102
source_csv=/zhome/e3/b/212140/git/pypyrus/experiments/forest_covertype/data/covtype_with_sample_id.csv
num_features=54
num_classes=7
train_rows=464810
test_rows=116202
epoch=1/5 train_loss=1.1500 test_loss=0.7573 test_acc=0.6728
epoch=2/5 train_loss=0.6851 test_loss=0.6369 test_acc=0.7241
epoch=3/5 train_loss=0.6290 test_loss=0.6603 test_acc=0.7018
epoch=4/5 train_loss=0.5948 test_loss=0.5502 test_acc=0.7624
epoch=5/5 train_loss=0.5600 test_loss=0.5532 test_acc=0.7644
timing: instrumentation=False epochs=5 batch_size=128 num_workers=2 elapsed_seconds=46.797633
timing_written_to=/zhome/e3/b/212140/git/pypyrus/experiments/results/overhead/batchsize_sweep/covtype_bs128_timings.txt

Pair 3/5: WITH instrumentation (seed=103)
seed=103
source_csv=/zhome/e3/b/212140/git/pypyrus/experiments/forest_covertype/data/covtype_with_sample_id.csv
num_features=54
num_classes=7
train_rows=464810
test_rows=116202
epoch=1/5 train_loss=1.0557 test_loss=0.7669 test_acc=0.6655
epoch=2/5 train_loss=0.6695 test_loss=0.6667 test_acc=0.7083
epoch=3/5 train_loss=0.6098 test_loss=0.5650 test_acc=0.7585
epoch=4/5 train_loss=0.5774 test_loss=0.5763 test_acc=0.7460
epoch=5/5 train_loss=0.5478 test_loss=0.5702 test_acc=0.7524
timing: instrumentation=True epochs=5 batch_size=128 num_workers=2 elapsed_seconds=94.730113
timing_written_to=/zhome/e3/b/212140/git/pypyrus/experiments/results/overhead/batchsize_sweep/covtype_bs128_timings.txt
Pair 3/5: WITHOUT instrumentation (seed=103)
seed=103
source_csv=/zhome/e3/b/212140/git/pypyrus/experiments/forest_covertype/data/covtype_with_sample_id.csv
num_features=54
num_classes=7
train_rows=464810
test_rows=116202
epoch=1/5 train_loss=1.0557 test_loss=0.7669 test_acc=0.6655
epoch=2/5 train_loss=0.6695 test_loss=0.6667 test_acc=0.7083
epoch=3/5 train_loss=0.6098 test_loss=0.5650 test_acc=0.7585
epoch=4/5 train_loss=0.5774 test_loss=0.5763 test_acc=0.7460
epoch=5/5 train_loss=0.5478 test_loss=0.5702 test_acc=0.7524
timing: instrumentation=False epochs=5 batch_size=128 num_workers=2 elapsed_seconds=48.165161
timing_written_to=/zhome/e3/b/212140/git/pypyrus/experiments/results/overhead/batchsize_sweep/covtype_bs128_timings.txt

Pair 4/5: WITH instrumentation (seed=104)
seed=104
source_csv=/zhome/e3/b/212140/git/pypyrus/experiments/forest_covertype/data/covtype_with_sample_id.csv
num_features=54
num_classes=7
train_rows=464810
test_rows=116202
epoch=1/5 train_loss=1.0733 test_loss=0.7188 test_acc=0.6824
epoch=2/5 train_loss=0.6693 test_loss=0.6279 test_acc=0.7342
epoch=3/5 train_loss=0.6176 test_loss=0.5918 test_acc=0.7439
epoch=4/5 train_loss=0.5805 test_loss=0.5666 test_acc=0.7555
epoch=5/5 train_loss=0.5473 test_loss=0.5644 test_acc=0.7526
timing: instrumentation=True epochs=5 batch_size=128 num_workers=2 elapsed_seconds=99.217411
timing_written_to=/zhome/e3/b/212140/git/pypyrus/experiments/results/overhead/batchsize_sweep/covtype_bs128_timings.txt
Pair 4/5: WITHOUT instrumentation (seed=104)
seed=104
source_csv=/zhome/e3/b/212140/git/pypyrus/experiments/forest_covertype/data/covtype_with_sample_id.csv
num_features=54
num_classes=7
train_rows=464810
test_rows=116202
epoch=1/5 train_loss=1.0733 test_loss=0.7188 test_acc=0.6824
epoch=2/5 train_loss=0.6693 test_loss=0.6279 test_acc=0.7342
epoch=3/5 train_loss=0.6176 test_loss=0.5918 test_acc=0.7439
epoch=4/5 train_loss=0.5805 test_loss=0.5666 test_acc=0.7555
epoch=5/5 train_loss=0.5473 test_loss=0.5644 test_acc=0.7526
timing: instrumentation=False epochs=5 batch_size=128 num_workers=2 elapsed_seconds=48.370481
timing_written_to=/zhome/e3/b/212140/git/pypyrus/experiments/results/overhead/batchsize_sweep/covtype_bs128_timings.txt

Pair 5/5: WITH instrumentation (seed=105)
seed=105
source_csv=/zhome/e3/b/212140/git/pypyrus/experiments/forest_covertype/data/covtype_with_sample_id.csv
num_features=54
num_classes=7
train_rows=464810
test_rows=116202
epoch=1/5 train_loss=1.0799 test_loss=0.6810 test_acc=0.7190
epoch=2/5 train_loss=0.6610 test_loss=0.6815 test_acc=0.7185
epoch=3/5 train_loss=0.6137 test_loss=0.6085 test_acc=0.7433
epoch=4/5 train_loss=0.5777 test_loss=0.5513 test_acc=0.7664
epoch=5/5 train_loss=0.5456 test_loss=0.5282 test_acc=0.7686
timing: instrumentation=True epochs=5 batch_size=128 num_workers=2 elapsed_seconds=166.041902
timing_written_to=/zhome/e3/b/212140/git/pypyrus/experiments/results/overhead/batchsize_sweep/covtype_bs128_timings.txt
Pair 5/5: WITHOUT instrumentation (seed=105)
seed=105
source_csv=/zhome/e3/b/212140/git/pypyrus/experiments/forest_covertype/data/covtype_with_sample_id.csv
num_features=54
num_classes=7
train_rows=464810
test_rows=116202
epoch=1/5 train_loss=1.0799 test_loss=0.6810 test_acc=0.7190
epoch=2/5 train_loss=0.6610 test_loss=0.6815 test_acc=0.7185
epoch=3/5 train_loss=0.6137 test_loss=0.6085 test_acc=0.7433
epoch=4/5 train_loss=0.5777 test_loss=0.5513 test_acc=0.7664
epoch=5/5 train_loss=0.5456 test_loss=0.5282 test_acc=0.7686
timing: instrumentation=False epochs=5 batch_size=128 num_workers=2 elapsed_seconds=47.558150
timing_written_to=/zhome/e3/b/212140/git/pypyrus/experiments/results/overhead/batchsize_sweep/covtype_bs128_timings.txt

Done. Timings:
instrumentation=True epochs=5 batch_size=128 num_workers=2 elapsed_seconds=95.022459
instrumentation=False epochs=5 batch_size=128 num_workers=2 elapsed_seconds=48.054935
instrumentation=True epochs=5 batch_size=128 num_workers=2 elapsed_seconds=98.635602
instrumentation=False epochs=5 batch_size=128 num_workers=2 elapsed_seconds=46.797633
instrumentation=True epochs=5 batch_size=128 num_workers=2 elapsed_seconds=94.730113
instrumentation=False epochs=5 batch_size=128 num_workers=2 elapsed_seconds=48.165161
instrumentation=True epochs=5 batch_size=128 num_workers=2 elapsed_seconds=99.217411
instrumentation=False epochs=5 batch_size=128 num_workers=2 elapsed_seconds=48.370481
instrumentation=True epochs=5 batch_size=128 num_workers=2 elapsed_seconds=166.041902
instrumentation=False epochs=5 batch_size=128 num_workers=2 elapsed_seconds=47.558150

Summary:
timing_file=/zhome/e3/b/212140/git/pypyrus/experiments/results/overhead/batchsize_sweep/covtype_bs128_timings.txt
parsed_runs=10 skipped_lines=0

Instrumentation = True
  count  : 5
  min    : 94.730113s
  max    : 166.041902s
  mean   : 110.729497s
  median : 98.635602s
  stddev : 30.987675s

Instrumentation = False
  count  : 5
  min    : 46.797633s
  max    : 48.370481s
  mean   : 47.789272s
  median : 48.054935s
  stddev : 0.629770s

Comparison (mean)
  with - without : +62.940225s
  percent change : +131.70%

Paired Deltas (with_i - without_i)
  pairs  : 5
  mean   : 62.940225s
  median : 50.846930s
  stddev : 31.136265s
  min    : 46.564952s
  max    : 118.483752s
  mean % : +131.89%
  95% CI (mean delta): [47.582376s, 90.772848s]
  95% CI (mean %): [+98.79%, +190.98%]

Pair Details
  pair  1: with=95.022459s without=48.054935s delta=+46.967524s pct=+97.74%
  pair  2: with=98.635602s without=46.797633s delta=+51.837969s pct=+110.77%
  pair  3: with=94.730113s without=48.165161s delta=+46.564952s pct=+96.68%
  pair  4: with=99.217411s without=48.370481s delta=+50.846930s pct=+105.12%
  pair  5: with=166.041902s without=47.558150s delta=+118.483752s pct=+249.13%

Raw runs
  with    95.022459s
  without 48.054935s
  with    98.635602s
  without 46.797633s
  with    94.730113s
  without 48.165161s
  with    99.217411s
  without 48.370481s
  with    166.041902s
  without 47.558150s

============================================================
Running covtype batch-size sweep for batch_size=256
  timing_file=experiments/results/overhead/batchsize_sweep/covtype_bs256_timings.txt
  summary_file=experiments/results/overhead/batchsize_sweep/covtype_bs256_summary.txt
============================================================
Configuration:
  DATA_PATH=experiments/forest_covertype/data/covtype_with_sample_id.csv
  EPOCHS=5
  BATCH_SIZE=256
  NUM_WORKERS=2
  HIDDEN_DIM=128
  TEST_RATIO=0.2
  PAIRS=5
  WARMUP_PAIRS=1
  BASE_SEED=100
  TIMING_FILE=experiments/results/overhead/batchsize_sweep/covtype_bs256_timings.txt

Running 1 warm-up pair(s) (excluded from summary)...

Warm-up 1/1: WITH instrumentation (seed=100)
seed=100
source_csv=/zhome/e3/b/212140/git/pypyrus/experiments/forest_covertype/data/covtype_with_sample_id.csv
num_features=54
num_classes=7
train_rows=464810
test_rows=116202
epoch=1/5 train_loss=1.2848 test_loss=0.7550 test_acc=0.6795
epoch=2/5 train_loss=0.7479 test_loss=0.6798 test_acc=0.7141
epoch=3/5 train_loss=0.6578 test_loss=0.6554 test_acc=0.7173
epoch=4/5 train_loss=0.6253 test_loss=0.6056 test_acc=0.7379
epoch=5/5 train_loss=0.5993 test_loss=0.6108 test_acc=0.7298
timing: instrumentation=True epochs=5 batch_size=256 num_workers=2 elapsed_seconds=77.742444
timing_written_to=/zhome/e3/b/212140/git/pypyrus/experiments/results/overhead/batchsize_sweep/covtype_bs256_timings.txt.warmup.tmp
Warm-up 1/1: WITHOUT instrumentation (seed=100)
seed=100
source_csv=/zhome/e3/b/212140/git/pypyrus/experiments/forest_covertype/data/covtype_with_sample_id.csv
num_features=54
num_classes=7
train_rows=464810
test_rows=116202
epoch=1/5 train_loss=1.2848 test_loss=0.7550 test_acc=0.6795
epoch=2/5 train_loss=0.7479 test_loss=0.6798 test_acc=0.7141
epoch=3/5 train_loss=0.6578 test_loss=0.6554 test_acc=0.7173
epoch=4/5 train_loss=0.6253 test_loss=0.6056 test_acc=0.7379
epoch=5/5 train_loss=0.5993 test_loss=0.6108 test_acc=0.7298
timing: instrumentation=False epochs=5 batch_size=256 num_workers=2 elapsed_seconds=40.491723
timing_written_to=/zhome/e3/b/212140/git/pypyrus/experiments/results/overhead/batchsize_sweep/covtype_bs256_timings.txt.warmup.tmp

Running 5 measured pair(s)...

Pair 1/5: WITH instrumentation (seed=101)
seed=101
source_csv=/zhome/e3/b/212140/git/pypyrus/experiments/forest_covertype/data/covtype_with_sample_id.csv
num_features=54
num_classes=7
train_rows=464810
test_rows=116202
epoch=1/5 train_loss=1.2600 test_loss=0.7674 test_acc=0.6773
epoch=2/5 train_loss=0.7358 test_loss=0.7009 test_acc=0.6952
epoch=3/5 train_loss=0.6593 test_loss=0.6483 test_acc=0.7118
epoch=4/5 train_loss=0.6257 test_loss=0.6359 test_acc=0.7300
epoch=5/5 train_loss=0.5953 test_loss=0.5829 test_acc=0.7517
timing: instrumentation=True epochs=5 batch_size=256 num_workers=2 elapsed_seconds=76.534463
timing_written_to=/zhome/e3/b/212140/git/pypyrus/experiments/results/overhead/batchsize_sweep/covtype_bs256_timings.txt
Pair 1/5: WITHOUT instrumentation (seed=101)
seed=101
source_csv=/zhome/e3/b/212140/git/pypyrus/experiments/forest_covertype/data/covtype_with_sample_id.csv
num_features=54
num_classes=7
train_rows=464810
test_rows=116202
epoch=1/5 train_loss=1.2600 test_loss=0.7674 test_acc=0.6773
epoch=2/5 train_loss=0.7358 test_loss=0.7009 test_acc=0.6952
epoch=3/5 train_loss=0.6593 test_loss=0.6483 test_acc=0.7118
epoch=4/5 train_loss=0.6257 test_loss=0.6359 test_acc=0.7300
epoch=5/5 train_loss=0.5953 test_loss=0.5829 test_acc=0.7517
timing: instrumentation=False epochs=5 batch_size=256 num_workers=2 elapsed_seconds=39.517143
timing_written_to=/zhome/e3/b/212140/git/pypyrus/experiments/results/overhead/batchsize_sweep/covtype_bs256_timings.txt

Pair 2/5: WITH instrumentation (seed=102)
seed=102
source_csv=/zhome/e3/b/212140/git/pypyrus/experiments/forest_covertype/data/covtype_with_sample_id.csv
num_features=54
num_classes=7
train_rows=464810
test_rows=116202
epoch=1/5 train_loss=1.3664 test_loss=0.7118 test_acc=0.7014
epoch=2/5 train_loss=0.7416 test_loss=0.6268 test_acc=0.7348
epoch=3/5 train_loss=0.6631 test_loss=0.7348 test_acc=0.6582
epoch=4/5 train_loss=0.6259 test_loss=0.5838 test_acc=0.7514
epoch=5/5 train_loss=0.5998 test_loss=0.6335 test_acc=0.7272
timing: instrumentation=True epochs=5 batch_size=256 num_workers=2 elapsed_seconds=72.166122
timing_written_to=/zhome/e3/b/212140/git/pypyrus/experiments/results/overhead/batchsize_sweep/covtype_bs256_timings.txt
Pair 2/5: WITHOUT instrumentation (seed=102)
seed=102
source_csv=/zhome/e3/b/212140/git/pypyrus/experiments/forest_covertype/data/covtype_with_sample_id.csv
num_features=54
num_classes=7
train_rows=464810
test_rows=116202
epoch=1/5 train_loss=1.3664 test_loss=0.7118 test_acc=0.7014
epoch=2/5 train_loss=0.7416 test_loss=0.6268 test_acc=0.7348
epoch=3/5 train_loss=0.6631 test_loss=0.7348 test_acc=0.6582
epoch=4/5 train_loss=0.6259 test_loss=0.5838 test_acc=0.7514
epoch=5/5 train_loss=0.5998 test_loss=0.6335 test_acc=0.7272
timing: instrumentation=False epochs=5 batch_size=256 num_workers=2 elapsed_seconds=40.027125
timing_written_to=/zhome/e3/b/212140/git/pypyrus/experiments/results/overhead/batchsize_sweep/covtype_bs256_timings.txt

Pair 3/5: WITH instrumentation (seed=103)
seed=103
source_csv=/zhome/e3/b/212140/git/pypyrus/experiments/forest_covertype/data/covtype_with_sample_id.csv
num_features=54
num_classes=7
train_rows=464810
test_rows=116202
epoch=1/5 train_loss=1.1922 test_loss=0.6910 test_acc=0.7038
epoch=2/5 train_loss=0.7304 test_loss=0.7315 test_acc=0.7173
epoch=3/5 train_loss=0.6535 test_loss=0.6206 test_acc=0.7370
epoch=4/5 train_loss=0.6157 test_loss=0.5648 test_acc=0.7592
epoch=5/5 train_loss=0.5854 test_loss=0.5672 test_acc=0.7540
timing: instrumentation=True epochs=5 batch_size=256 num_workers=2 elapsed_seconds=73.167705
timing_written_to=/zhome/e3/b/212140/git/pypyrus/experiments/results/overhead/batchsize_sweep/covtype_bs256_timings.txt
Pair 3/5: WITHOUT instrumentation (seed=103)
seed=103
source_csv=/zhome/e3/b/212140/git/pypyrus/experiments/forest_covertype/data/covtype_with_sample_id.csv
num_features=54
num_classes=7
train_rows=464810
test_rows=116202
epoch=1/5 train_loss=1.1922 test_loss=0.6910 test_acc=0.7038
epoch=2/5 train_loss=0.7304 test_loss=0.7315 test_acc=0.7173
epoch=3/5 train_loss=0.6535 test_loss=0.6206 test_acc=0.7370
epoch=4/5 train_loss=0.6157 test_loss=0.5648 test_acc=0.7592
epoch=5/5 train_loss=0.5854 test_loss=0.5672 test_acc=0.7540
timing: instrumentation=False epochs=5 batch_size=256 num_workers=2 elapsed_seconds=40.282633
timing_written_to=/zhome/e3/b/212140/git/pypyrus/experiments/results/overhead/batchsize_sweep/covtype_bs256_timings.txt

Pair 4/5: WITH instrumentation (seed=104)
seed=104
source_csv=/zhome/e3/b/212140/git/pypyrus/experiments/forest_covertype/data/covtype_with_sample_id.csv
num_features=54
num_classes=7
train_rows=464810
test_rows=116202
epoch=1/5 train_loss=1.2793 test_loss=0.9130 test_acc=0.5915
epoch=2/5 train_loss=0.7359 test_loss=0.6478 test_acc=0.7319
epoch=3/5 train_loss=0.6592 test_loss=0.6508 test_acc=0.7143
epoch=4/5 train_loss=0.6145 test_loss=0.5872 test_acc=0.7475
epoch=5/5 train_loss=0.5900 test_loss=0.5859 test_acc=0.7491
timing: instrumentation=True epochs=5 batch_size=256 num_workers=2 elapsed_seconds=73.666797
timing_written_to=/zhome/e3/b/212140/git/pypyrus/experiments/results/overhead/batchsize_sweep/covtype_bs256_timings.txt
Pair 4/5: WITHOUT instrumentation (seed=104)
seed=104
source_csv=/zhome/e3/b/212140/git/pypyrus/experiments/forest_covertype/data/covtype_with_sample_id.csv
num_features=54
num_classes=7
train_rows=464810
test_rows=116202
epoch=1/5 train_loss=1.2793 test_loss=0.9130 test_acc=0.5915
epoch=2/5 train_loss=0.7359 test_loss=0.6478 test_acc=0.7319
epoch=3/5 train_loss=0.6592 test_loss=0.6508 test_acc=0.7143
epoch=4/5 train_loss=0.6145 test_loss=0.5872 test_acc=0.7475
epoch=5/5 train_loss=0.5900 test_loss=0.5859 test_acc=0.7491
timing: instrumentation=False epochs=5 batch_size=256 num_workers=2 elapsed_seconds=41.401620
timing_written_to=/zhome/e3/b/212140/git/pypyrus/experiments/results/overhead/batchsize_sweep/covtype_bs256_timings.txt

Pair 5/5: WITH instrumentation (seed=105)
seed=105
source_csv=/zhome/e3/b/212140/git/pypyrus/experiments/forest_covertype/data/covtype_with_sample_id.csv
num_features=54
num_classes=7
train_rows=464810
test_rows=116202
epoch=1/5 train_loss=1.3012 test_loss=0.6644 test_acc=0.7207
epoch=2/5 train_loss=0.7126 test_loss=0.6441 test_acc=0.7311
epoch=3/5 train_loss=0.6504 test_loss=0.6094 test_acc=0.7485
epoch=4/5 train_loss=0.6175 test_loss=0.5794 test_acc=0.7548
epoch=5/5 train_loss=0.5891 test_loss=0.5574 test_acc=0.7671
timing: instrumentation=True epochs=5 batch_size=256 num_workers=2 elapsed_seconds=75.182100
timing_written_to=/zhome/e3/b/212140/git/pypyrus/experiments/results/overhead/batchsize_sweep/covtype_bs256_timings.txt
Pair 5/5: WITHOUT instrumentation (seed=105)
seed=105
source_csv=/zhome/e3/b/212140/git/pypyrus/experiments/forest_covertype/data/covtype_with_sample_id.csv
num_features=54
num_classes=7
train_rows=464810
test_rows=116202
epoch=1/5 train_loss=1.3012 test_loss=0.6644 test_acc=0.7207
epoch=2/5 train_loss=0.7126 test_loss=0.6441 test_acc=0.7311
epoch=3/5 train_loss=0.6504 test_loss=0.6094 test_acc=0.7485
epoch=4/5 train_loss=0.6175 test_loss=0.5794 test_acc=0.7548
epoch=5/5 train_loss=0.5891 test_loss=0.5574 test_acc=0.7671
timing: instrumentation=False epochs=5 batch_size=256 num_workers=2 elapsed_seconds=40.602033
timing_written_to=/zhome/e3/b/212140/git/pypyrus/experiments/results/overhead/batchsize_sweep/covtype_bs256_timings.txt

Done. Timings:
instrumentation=True epochs=5 batch_size=256 num_workers=2 elapsed_seconds=76.534463
instrumentation=False epochs=5 batch_size=256 num_workers=2 elapsed_seconds=39.517143
instrumentation=True epochs=5 batch_size=256 num_workers=2 elapsed_seconds=72.166122
instrumentation=False epochs=5 batch_size=256 num_workers=2 elapsed_seconds=40.027125
instrumentation=True epochs=5 batch_size=256 num_workers=2 elapsed_seconds=73.167705
instrumentation=False epochs=5 batch_size=256 num_workers=2 elapsed_seconds=40.282633
instrumentation=True epochs=5 batch_size=256 num_workers=2 elapsed_seconds=73.666797
instrumentation=False epochs=5 batch_size=256 num_workers=2 elapsed_seconds=41.401620
instrumentation=True epochs=5 batch_size=256 num_workers=2 elapsed_seconds=75.182100
instrumentation=False epochs=5 batch_size=256 num_workers=2 elapsed_seconds=40.602033

Summary:
timing_file=/zhome/e3/b/212140/git/pypyrus/experiments/results/overhead/batchsize_sweep/covtype_bs256_timings.txt
parsed_runs=10 skipped_lines=0

Instrumentation = True
  count  : 5
  min    : 72.166122s
  max    : 76.534463s
  mean   : 74.143437s
  median : 73.666797s
  stddev : 1.723720s

Instrumentation = False
  count  : 5
  min    : 39.517143s
  max    : 41.401620s
  mean   : 40.366111s
  median : 40.282633s
  stddev : 0.701884s

Comparison (mean)
  with - without : +33.777327s
  percent change : +83.68%

Paired Deltas (with_i - without_i)
  pairs  : 5
  mean   : 33.777327s
  median : 32.885072s
  stddev : 2.056015s
  min    : 32.138997s
  max    : 37.017320s
  mean % : +83.74%
  95% CI (mean delta): [32.338684s, 35.554968s]
  95% CI (mean %): [+79.62%, +88.86%]

Pair Details
  pair  1: with=76.534463s without=39.517143s delta=+37.017320s pct=+93.67%
  pair  2: with=72.166122s without=40.027125s delta=+32.138997s pct=+80.29%
  pair  3: with=73.167705s without=40.282633s delta=+32.885072s pct=+81.64%
  pair  4: with=73.666797s without=41.401620s delta=+32.265177s pct=+77.93%
  pair  5: with=75.182100s without=40.602033s delta=+34.580067s pct=+85.17%

Raw runs
  with    76.534463s
  without 39.517143s
  with    72.166122s
  without 40.027125s
  with    73.167705s
  without 40.282633s
  with    73.666797s
  without 41.401620s
  with    75.182100s
  without 40.602033s

============================================================
Running covtype batch-size sweep for batch_size=512
  timing_file=experiments/results/overhead/batchsize_sweep/covtype_bs512_timings.txt
  summary_file=experiments/results/overhead/batchsize_sweep/covtype_bs512_summary.txt
============================================================
Configuration:
  DATA_PATH=experiments/forest_covertype/data/covtype_with_sample_id.csv
  EPOCHS=5
  BATCH_SIZE=512
  NUM_WORKERS=2
  HIDDEN_DIM=128
  TEST_RATIO=0.2
  PAIRS=5
  WARMUP_PAIRS=1
  BASE_SEED=100
  TIMING_FILE=experiments/results/overhead/batchsize_sweep/covtype_bs512_timings.txt

Running 1 warm-up pair(s) (excluded from summary)...

Warm-up 1/1: WITH instrumentation (seed=100)
seed=100
source_csv=/zhome/e3/b/212140/git/pypyrus/experiments/forest_covertype/data/covtype_with_sample_id.csv
num_features=54
num_classes=7
train_rows=464810
test_rows=116202
epoch=1/5 train_loss=1.6449 test_loss=0.8689 test_acc=0.6243
epoch=2/5 train_loss=0.8097 test_loss=0.7585 test_acc=0.6701
epoch=3/5 train_loss=0.7388 test_loss=0.6344 test_acc=0.7339
epoch=4/5 train_loss=0.6765 test_loss=0.6217 test_acc=0.7296
epoch=5/5 train_loss=0.6508 test_loss=0.6864 test_acc=0.7088
timing: instrumentation=True epochs=5 batch_size=512 num_workers=2 elapsed_seconds=58.346585
timing_written_to=/zhome/e3/b/212140/git/pypyrus/experiments/results/overhead/batchsize_sweep/covtype_bs512_timings.txt.warmup.tmp
Warm-up 1/1: WITHOUT instrumentation (seed=100)
seed=100
source_csv=/zhome/e3/b/212140/git/pypyrus/experiments/forest_covertype/data/covtype_with_sample_id.csv
num_features=54
num_classes=7
train_rows=464810
test_rows=116202
epoch=1/5 train_loss=1.6449 test_loss=0.8689 test_acc=0.6243
epoch=2/5 train_loss=0.8097 test_loss=0.7585 test_acc=0.6701
epoch=3/5 train_loss=0.7388 test_loss=0.6344 test_acc=0.7339
epoch=4/5 train_loss=0.6765 test_loss=0.6217 test_acc=0.7296
epoch=5/5 train_loss=0.6508 test_loss=0.6864 test_acc=0.7088
timing: instrumentation=False epochs=5 batch_size=512 num_workers=2 elapsed_seconds=42.015380
timing_written_to=/zhome/e3/b/212140/git/pypyrus/experiments/results/overhead/batchsize_sweep/covtype_bs512_timings.txt.warmup.tmp

Running 5 measured pair(s)...

Pair 1/5: WITH instrumentation (seed=101)
seed=101
source_csv=/zhome/e3/b/212140/git/pypyrus/experiments/forest_covertype/data/covtype_with_sample_id.csv
num_features=54
num_classes=7
train_rows=464810
test_rows=116202
epoch=1/5 train_loss=1.5211 test_loss=0.8491 test_acc=0.6694
epoch=2/5 train_loss=0.8017 test_loss=0.6983 test_acc=0.7108
epoch=3/5 train_loss=0.7180 test_loss=0.7241 test_acc=0.6745
epoch=4/5 train_loss=0.6744 test_loss=0.7303 test_acc=0.6696
epoch=5/5 train_loss=0.6405 test_loss=0.6075 test_acc=0.7374
timing: instrumentation=True epochs=5 batch_size=512 num_workers=2 elapsed_seconds=57.108205
timing_written_to=/zhome/e3/b/212140/git/pypyrus/experiments/results/overhead/batchsize_sweep/covtype_bs512_timings.txt
Pair 1/5: WITHOUT instrumentation (seed=101)
seed=101
source_csv=/zhome/e3/b/212140/git/pypyrus/experiments/forest_covertype/data/covtype_with_sample_id.csv
num_features=54
num_classes=7
train_rows=464810
test_rows=116202
epoch=1/5 train_loss=1.5211 test_loss=0.8491 test_acc=0.6694
epoch=2/5 train_loss=0.8017 test_loss=0.6983 test_acc=0.7108
epoch=3/5 train_loss=0.7180 test_loss=0.7241 test_acc=0.6745
epoch=4/5 train_loss=0.6744 test_loss=0.7303 test_acc=0.6696
epoch=5/5 train_loss=0.6405 test_loss=0.6075 test_acc=0.7374
timing: instrumentation=False epochs=5 batch_size=512 num_workers=2 elapsed_seconds=39.533402
timing_written_to=/zhome/e3/b/212140/git/pypyrus/experiments/results/overhead/batchsize_sweep/covtype_bs512_timings.txt

Pair 2/5: WITH instrumentation (seed=102)
seed=102
source_csv=/zhome/e3/b/212140/git/pypyrus/experiments/forest_covertype/data/covtype_with_sample_id.csv
num_features=54
num_classes=7
train_rows=464810
test_rows=116202
epoch=1/5 train_loss=1.7576 test_loss=0.8639 test_acc=0.6458
epoch=2/5 train_loss=0.8415 test_loss=0.7202 test_acc=0.6859
epoch=3/5 train_loss=0.7126 test_loss=0.8019 test_acc=0.6458
epoch=4/5 train_loss=0.6814 test_loss=0.6335 test_acc=0.7272
epoch=5/5 train_loss=0.6435 test_loss=0.6488 test_acc=0.7225
timing: instrumentation=True epochs=5 batch_size=512 num_workers=2 elapsed_seconds=58.398458
timing_written_to=/zhome/e3/b/212140/git/pypyrus/experiments/results/overhead/batchsize_sweep/covtype_bs512_timings.txt
Pair 2/5: WITHOUT instrumentation (seed=102)
seed=102
source_csv=/zhome/e3/b/212140/git/pypyrus/experiments/forest_covertype/data/covtype_with_sample_id.csv
num_features=54
num_classes=7
train_rows=464810
test_rows=116202
epoch=1/5 train_loss=1.7576 test_loss=0.8639 test_acc=0.6458
epoch=2/5 train_loss=0.8415 test_loss=0.7202 test_acc=0.6859
epoch=3/5 train_loss=0.7126 test_loss=0.8019 test_acc=0.6458
epoch=4/5 train_loss=0.6814 test_loss=0.6335 test_acc=0.7272
epoch=5/5 train_loss=0.6435 test_loss=0.6488 test_acc=0.7225
timing: instrumentation=False epochs=5 batch_size=512 num_workers=2 elapsed_seconds=40.783733
timing_written_to=/zhome/e3/b/212140/git/pypyrus/experiments/results/overhead/batchsize_sweep/covtype_bs512_timings.txt

Pair 3/5: WITH instrumentation (seed=103)
seed=103
source_csv=/zhome/e3/b/212140/git/pypyrus/experiments/forest_covertype/data/covtype_with_sample_id.csv
num_features=54
num_classes=7
train_rows=464810
test_rows=116202
epoch=1/5 train_loss=1.4738 test_loss=0.7768 test_acc=0.6708
epoch=2/5 train_loss=0.7886 test_loss=0.7824 test_acc=0.6591
epoch=3/5 train_loss=0.6896 test_loss=0.6113 test_acc=0.7339
epoch=4/5 train_loss=0.6629 test_loss=0.5897 test_acc=0.7545
epoch=5/5 train_loss=0.6269 test_loss=0.7993 test_acc=0.6400
timing: instrumentation=True epochs=5 batch_size=512 num_workers=2 elapsed_seconds=54.331123
timing_written_to=/zhome/e3/b/212140/git/pypyrus/experiments/results/overhead/batchsize_sweep/covtype_bs512_timings.txt
Pair 3/5: WITHOUT instrumentation (seed=103)
seed=103
source_csv=/zhome/e3/b/212140/git/pypyrus/experiments/forest_covertype/data/covtype_with_sample_id.csv
num_features=54
num_classes=7
train_rows=464810
test_rows=116202
epoch=1/5 train_loss=1.4738 test_loss=0.7768 test_acc=0.6708
epoch=2/5 train_loss=0.7886 test_loss=0.7824 test_acc=0.6591
epoch=3/5 train_loss=0.6896 test_loss=0.6113 test_acc=0.7339
epoch=4/5 train_loss=0.6629 test_loss=0.5897 test_acc=0.7545
epoch=5/5 train_loss=0.6269 test_loss=0.7993 test_acc=0.6400
timing: instrumentation=False epochs=5 batch_size=512 num_workers=2 elapsed_seconds=40.677660
timing_written_to=/zhome/e3/b/212140/git/pypyrus/experiments/results/overhead/batchsize_sweep/covtype_bs512_timings.txt

Pair 4/5: WITH instrumentation (seed=104)
seed=104
source_csv=/zhome/e3/b/212140/git/pypyrus/experiments/forest_covertype/data/covtype_with_sample_id.csv
num_features=54
num_classes=7
train_rows=464810
test_rows=116202
epoch=1/5 train_loss=1.5626 test_loss=1.0312 test_acc=0.5929
epoch=2/5 train_loss=0.8269 test_loss=0.6634 test_acc=0.7205
epoch=3/5 train_loss=0.7077 test_loss=0.6652 test_acc=0.7189
epoch=4/5 train_loss=0.6700 test_loss=0.6493 test_acc=0.7180
epoch=5/5 train_loss=0.6354 test_loss=0.6037 test_acc=0.7397
timing: instrumentation=True epochs=5 batch_size=512 num_workers=2 elapsed_seconds=50.194606
timing_written_to=/zhome/e3/b/212140/git/pypyrus/experiments/results/overhead/batchsize_sweep/covtype_bs512_timings.txt
Pair 4/5: WITHOUT instrumentation (seed=104)
seed=104
source_csv=/zhome/e3/b/212140/git/pypyrus/experiments/forest_covertype/data/covtype_with_sample_id.csv
num_features=54
num_classes=7
train_rows=464810
test_rows=116202
epoch=1/5 train_loss=1.5626 test_loss=1.0312 test_acc=0.5929
epoch=2/5 train_loss=0.8269 test_loss=0.6634 test_acc=0.7205
epoch=3/5 train_loss=0.7077 test_loss=0.6652 test_acc=0.7189
epoch=4/5 train_loss=0.6700 test_loss=0.6493 test_acc=0.7180
epoch=5/5 train_loss=0.6354 test_loss=0.6037 test_acc=0.7397
timing: instrumentation=False epochs=5 batch_size=512 num_workers=2 elapsed_seconds=39.194871
timing_written_to=/zhome/e3/b/212140/git/pypyrus/experiments/results/overhead/batchsize_sweep/covtype_bs512_timings.txt

Pair 5/5: WITH instrumentation (seed=105)
seed=105
source_csv=/zhome/e3/b/212140/git/pypyrus/experiments/forest_covertype/data/covtype_with_sample_id.csv
num_features=54
num_classes=7
train_rows=464810
test_rows=116202
epoch=1/5 train_loss=1.7440 test_loss=0.9045 test_acc=0.6507
epoch=2/5 train_loss=0.7717 test_loss=0.6727 test_acc=0.7132
epoch=3/5 train_loss=0.6953 test_loss=0.6792 test_acc=0.7013
epoch=4/5 train_loss=0.6617 test_loss=0.6030 test_acc=0.7413
